<?xml version="1.0" encoding="UTF-8" ?>
<testsuite tests="18" failures="17" name="sMM.modelo.DatosUsuarioTest" time="0.015" errors="0" skipped="0">
  <properties>
[...]
</properties>
  <testcase classname="sMM.modelo.DatosUsuarioTest" name="sMM.modelo.DatosUsuarioTest.testGetCategorias" time="0.008">
    <failure message="The test case is a prototype." type="org.opentest4j.AssertionFailedError">org.opentest4j.AssertionFailedError: The test case is a prototype.
	at org.junit.jupiter.api.AssertionUtils.fail(AssertionUtils.java:39)
	at org.junit.jupiter.api.Assertions.fail(Assertions.java:109)
	at sMM.modelo.DatosUsuarioTest.testGetCategorias(DatosUsuarioTest.java:69)
</failure>
    <system-out>getCategorias
</system-out>
  </testcase>
  <testcase classname="sMM.modelo.DatosUsuarioTest" name="sMM.modelo.DatosUsuarioTest.testSetCategorias" time="0">
    <failure message="The test case is a prototype." type="org.opentest4j.AssertionFailedError">org.opentest4j.AssertionFailedError: The test case is a prototype.
	at org.junit.jupiter.api.AssertionUtils.fail(AssertionUtils.java:39)
	at org.junit.jupiter.api.Assertions.fail(Assertions.java:109)
	at sMM.modelo.DatosUsuarioTest.testSetCategorias(DatosUsuarioTest.java:82)
</failure>
    <system-out>setCategorias
</system-out>
  </testcase>
  <testcase classname="sMM.modelo.DatosUsuarioTest" name="sMM.modelo.DatosUsuarioTest.testGetUbicaciones" time="0">
    <failure message="The test case is a prototype." type="org.opentest4j.AssertionFailedError">org.opentest4j.AssertionFailedError: The test case is a prototype.
	at org.junit.jupiter.api.AssertionUtils.fail(AssertionUtils.java:39)
	at org.junit.jupiter.api.Assertions.fail(Assertions.java:109)
	at sMM.modelo.DatosUsuarioTest.testGetUbicaciones(DatosUsuarioTest.java:114)
</failure>
    <system-out>getUbicaciones
</system-out>
  </testcase>
  <testcase classname="sMM.modelo.DatosUsuarioTest" name="sMM.modelo.DatosUsuarioTest.testGetDiscograficas" time="0">
    <failure message="The test case is a prototype." type="org.opentest4j.AssertionFailedError">org.opentest4j.AssertionFailedError: The test case is a prototype.
	at org.junit.jupiter.api.AssertionUtils.fail(AssertionUtils.java:39)
	at org.junit.jupiter.api.Assertions.fail(Assertions.java:109)
	at sMM.modelo.DatosUsuarioTest.testGetDiscograficas(DatosUsuarioTest.java:183)
</failure>
    <system-out>getDiscograficas
</system-out>
  </testcase>
  <testcase classname="sMM.modelo.DatosUsuarioTest" name="sMM.modelo.DatosUsuarioTest.testStringAutoresDisco" time="0">
    <failure type="java.lang.NullPointerException">java.lang.NullPointerException
	at sMM.modelo.DatosUsuario.stringAutoresDisco(DatosUsuario.java:104)
	at sMM.modelo.DatosUsuarioTest.testStringAutoresDisco(DatosUsuarioTest.java:221)
</failure>
    <system-out>stringAutoresDisco
</system-out>
  </testcase>
  <testcase classname="sMM.modelo.DatosUsuarioTest" name="sMM.modelo.DatosUsuarioTest.testGetAutoresDiscos" time="0">
    <failure message="The test case is a prototype." type="org.opentest4j.AssertionFailedError">org.opentest4j.AssertionFailedError: The test case is a prototype.
	at org.junit.jupiter.api.AssertionUtils.fail(AssertionUtils.java:39)
	at org.junit.jupiter.api.Assertions.fail(Assertions.java:109)
	at sMM.modelo.DatosUsuarioTest.testGetAutoresDiscos(DatosUsuarioTest.java:305)
</failure>
    <system-out>getAutoresDiscos
</system-out>
  </testcase>
  <testcase classname="sMM.modelo.DatosUsuarioTest" name="sMM.modelo.DatosUsuarioTest.testSetDiscograficas" time="0">
    <failure message="The test case is a prototype." type="org.opentest4j.AssertionFailedError">org.opentest4j.AssertionFailedError: The test case is a prototype.
	at org.junit.jupiter.api.AssertionUtils.fail(AssertionUtils.java:39)
	at org.junit.jupiter.api.Assertions.fail(Assertions.java:109)
	at sMM.modelo.DatosUsuarioTest.testSetDiscograficas(DatosUsuarioTest.java:196)
</failure>
    <system-out>setDiscograficas
</system-out>
  </testcase>
  <testcase classname="sMM.modelo.DatosUsuarioTest" name="sMM.modelo.DatosUsuarioTest.testSetUbicaciones" time="0.001">
    <failure message="The test case is a prototype." type="org.opentest4j.AssertionFailedError">org.opentest4j.AssertionFailedError: The test case is a prototype.
	at org.junit.jupiter.api.AssertionUtils.fail(AssertionUtils.java:39)
	at org.junit.jupiter.api.Assertions.fail(Assertions.java:109)
	at sMM.modelo.DatosUsuarioTest.testSetUbicaciones(DatosUsuarioTest.java:127)
</failure>
    <system-out>setUbicaciones
</system-out>
  </testcase>
  <testcase classname="sMM.modelo.DatosUsuarioTest" name="sMM.modelo.DatosUsuarioTest.testSetAutoresDiscos" time="0">
    <failure message="The test case is a prototype." type="org.opentest4j.AssertionFailedError">org.opentest4j.AssertionFailedError: The test case is a prototype.
	at org.junit.jupiter.api.AssertionUtils.fail(AssertionUtils.java:39)
	at org.junit.jupiter.api.Assertions.fail(Assertions.java:109)
	at sMM.modelo.DatosUsuarioTest.testSetAutoresDiscos(DatosUsuarioTest.java:277)
</failure>
    <system-out>setAutoresDiscos
</system-out>
  </testcase>
  <testcase classname="sMM.modelo.DatosUsuarioTest" name="sMM.modelo.DatosUsuarioTest.testGetTiendas" time="0">
    <failure message="The test case is a prototype." type="org.opentest4j.AssertionFailedError">org.opentest4j.AssertionFailedError: The test case is a prototype.
	at org.junit.jupiter.api.AssertionUtils.fail(AssertionUtils.java:39)
	at org.junit.jupiter.api.Assertions.fail(Assertions.java:109)
	at sMM.modelo.DatosUsuarioTest.testGetTiendas(DatosUsuarioTest.java:156)
</failure>
    <system-out>getTiendas
</system-out>
  </testcase>
  <testcase classname="sMM.modelo.DatosUsuarioTest" name="sMM.modelo.DatosUsuarioTest.testGetAutores" time="0.001">
    <failure message="The test case is a prototype." type="org.opentest4j.AssertionFailedError">org.opentest4j.AssertionFailedError: The test case is a prototype.
	at org.junit.jupiter.api.AssertionUtils.fail(AssertionUtils.java:39)
	at org.junit.jupiter.api.Assertions.fail(Assertions.java:109)
	at sMM.modelo.DatosUsuarioTest.testGetAutores(DatosUsuarioTest.java:251)
</failure>
    <system-out>getAutores
</system-out>
  </testcase>
  <testcase classname="sMM.modelo.DatosUsuarioTest" name="sMM.modelo.DatosUsuarioTest.testSetDiscos" time="0">
    <failure message="The test case is a prototype." type="org.opentest4j.AssertionFailedError">org.opentest4j.AssertionFailedError: The test case is a prototype.
	at org.junit.jupiter.api.AssertionUtils.fail(AssertionUtils.java:39)
	at org.junit.jupiter.api.Assertions.fail(Assertions.java:109)
	at sMM.modelo.DatosUsuarioTest.testSetDiscos(DatosUsuarioTest.java:237)
</failure>
    <system-out>setDiscos
</system-out>
  </testcase>
  <testcase classname="sMM.modelo.DatosUsuarioTest" name="sMM.modelo.DatosUsuarioTest.testGetUbicacion" time="0.001">
    <failure type="java.lang.NullPointerException">java.lang.NullPointerException
	at sMM.modelo.DatosUsuario.getUbicacion(DatosUsuario.java:79)
	at sMM.modelo.DatosUsuarioTest.testGetUbicacion(DatosUsuarioTest.java:139)
</failure>
    <system-out>getUbicacion
</system-out>
  </testcase>
  <testcase classname="sMM.modelo.DatosUsuarioTest" name="sMM.modelo.DatosUsuarioTest.testSetTiendas" time="0">
    <failure message="The test case is a prototype." type="org.opentest4j.AssertionFailedError">org.opentest4j.AssertionFailedError: The test case is a prototype.
	at org.junit.jupiter.api.AssertionUtils.fail(AssertionUtils.java:39)
	at org.junit.jupiter.api.Assertions.fail(Assertions.java:109)
	at sMM.modelo.DatosUsuarioTest.testSetTiendas(DatosUsuarioTest.java:169)
</failure>
    <system-out>setTiendas
</system-out>
  </testcase>
  <testcase classname="sMM.modelo.DatosUsuarioTest" name="sMM.modelo.DatosUsuarioTest.testSetAutores" time="0.001">
    <failure message="The test case is a prototype." type="org.opentest4j.AssertionFailedError">org.opentest4j.AssertionFailedError: The test case is a prototype.
	at org.junit.jupiter.api.AssertionUtils.fail(AssertionUtils.java:39)
	at org.junit.jupiter.api.Assertions.fail(Assertions.java:109)
	at sMM.modelo.DatosUsuarioTest.testSetAutores(DatosUsuarioTest.java:264)
</failure>
    <system-out>setAutores
</system-out>
  </testcase>
  <testcase classname="sMM.modelo.DatosUsuarioTest" name="sMM.modelo.DatosUsuarioTest.testAddDisco" time="0.001">
    <failure type="java.lang.NullPointerException">java.lang.NullPointerException
	at sMM.modelo.DatosUsuario.addDisco(DatosUsuario.java:99)
	at sMM.modelo.DatosUsuarioTest.testAddDisco(DatosUsuarioTest.java:207)
</failure>
    <system-out>addDisco
</system-out>
  </testcase>
  <testcase classname="sMM.modelo.DatosUsuarioTest" name="sMM.modelo.DatosUsuarioTest.testGetDiscos" time="0">
    <failure message="The test case is a prototype." type="org.opentest4j.AssertionFailedError">org.opentest4j.AssertionFailedError: The test case is a prototype.
	at org.junit.jupiter.api.AssertionUtils.fail(AssertionUtils.java:39)
	at org.junit.jupiter.api.Assertions.fail(Assertions.java:109)
	at sMM.modelo.DatosUsuarioTest.testGetDiscos(DatosUsuarioTest.java:291)
</failure>
    <system-out>getDiscos
</system-out>
  </testcase>
  <testcase classname="sMM.modelo.DatosUsuarioTest" name="sMM.modelo.DatosUsuarioTest.testExisteAutor" time="0.002"/>
</testsuite>